INFO: Running with entropic power schedule (0xFF, 100).
INFO: Seed: 1521236096
MERGE-OUTER: 1027 files, 0 in the initial corpus, 0 processed earlier
MERGE-OUTER: attempt 1
INFO: Running with entropic power schedule (0xFF, 100).
INFO: Seed: 1521249884
INFO: -max_len is not provided; libFuzzer will not generate inputs larger than 1048576 bytes
MERGE-INNER: using the control file '/tmp/libFuzzerTemp.Merge1678.txt'
MERGE-INNER: 1027 total files; 0 processed earlier; will process 1027 files now
#1	pulse  exec/s: 0 rss: 28Mb
#2	pulse  exec/s: 0 rss: 30Mb
#4	pulse  exec/s: 0 rss: 30Mb
#8	pulse  exec/s: 0 rss: 30Mb
#16	pulse  exec/s: 0 rss: 30Mb
#32	pulse  exec/s: 0 rss: 30Mb
#64	pulse  exec/s: 0 rss: 30Mb
#128	pulse  exec/s: 0 rss: 30Mb
#256	pulse  exec/s: 0 rss: 31Mb
#512	pulse  exec/s: 0 rss: 32Mb
#1024	pulse  exec/s: 85 rss: 32Mb
#1027	DONE   exec/s: 85 rss: 32Mb
MERGE-OUTER: successful in 1 attempt(s)
MERGE-OUTER: the control file has 123430 bytes
MERGE-OUTER: consumed 0Mb (28Mb rss) to parse the control file
MERGE-OUTER: 0 new files with 0 new features added; 0 new coverage edges
