INFO: Running with entropic power schedule (0xFF, 100).
INFO: Seed: 1023439191
MERGE-OUTER: 3264 files, 0 in the initial corpus, 0 processed earlier
MERGE-OUTER: attempt 1
INFO: Running with entropic power schedule (0xFF, 100).
INFO: Seed: 1023460792
INFO: -max_len is not provided; libFuzzer will not generate inputs larger than 1048576 bytes
MERGE-INNER: using the control file '/tmp/libFuzzerTemp.Merge1487.txt'
MERGE-INNER: 3264 total files; 0 processed earlier; will process 3264 files now
#1	pulse  exec/s: 0 rss: 28Mb
#2	pulse  exec/s: 0 rss: 30Mb
#4	pulse  exec/s: 0 rss: 30Mb
#8	pulse  exec/s: 0 rss: 30Mb
#16	pulse  exec/s: 0 rss: 30Mb
#32	pulse  exec/s: 0 rss: 30Mb
#64	pulse  exec/s: 0 rss: 30Mb
#128	pulse  exec/s: 0 rss: 30Mb
#256	pulse  exec/s: 256 rss: 32Mb
#512	pulse  exec/s: 170 rss: 32Mb
#1024	pulse  exec/s: 146 rss: 32Mb
#2048	pulse  exec/s: 53 rss: 32Mb
#3264	DONE   exec/s: 48 rss: 32Mb
MERGE-OUTER: successful in 1 attempt(s)
MERGE-OUTER: the control file has 384846 bytes
MERGE-OUTER: consumed 0Mb (28Mb rss) to parse the control file
MERGE-OUTER: 0 new files with 0 new features added; 0 new coverage edges
